<?xml version="1.0" encoding="UTF-8"?>
<!-- Generated by org.testng.reporters.JUnitReportReporter -->
<testsuite skipped="0" hostname="LAPTOP-LFK4DCEU" name="test.WellsFargoTest" tests="1" failures="0" timestamp="26 Jan 2023 19:24:03 GMT" time="6.579" errors="0">
  <testcase name="loginTest" time="6.579" classname="test.WellsFargoTest"/>
</testsuite> <!-- test.WellsFargoTest -->
